<?xml version="1.0" encoding="UTF-8"?>
<testsuite name="Create a new page to show a new page to everyone ," tests="1" skipped="0" failures="0" errors="0" timestamp="2021-04-22T03:43:18" hostname="SQAT1MDEWIN62" time="30.88">
  <properties/>
  <testcase name="create a page with right data" classname="Create a new page to show a new page to everyone ," time="30.88"/>
  <system-out><![CDATA[]]></system-out>
  <system-err><![CDATA[abr 21, 2021 10:43:19 PM org.openqa.selenium.remote.DesiredCapabilities chrome
INFORMACIÓN: Using `new ChromeOptions()` is preferred to `DesiredCapabilities.chrome()`
Starting ChromeDriver 88.0.4324.96 (68dba2d8a0b149a1d3afac56fa74648032bcf46b-refs/branch-heads/4324@{#1784}) on port 31137
Only local connections are allowed.
Please see https://chromedriver.chromium.org/security-considerations for suggestions on keeping ChromeDriver safe.
ChromeDriver was started successfully.
[1619063001.551][WARNING]: This version of ChromeDriver has not been tested with Chrome version 89.
abr 21, 2021 10:43:22 PM org.openqa.selenium.remote.ProtocolHandshake createSession
INFORMACIÓN: Detected dialect: W3C
[Test worker] INFO net.thucydides.core.steps.ConsoleLoggingListener - 
        __    _____ _____ ____ _____   ____   _    ____  ____  _____ ____  
  _     \ \  |_   _| ____/ ___|_   _| |  _ \ / \  / ___|/ ___|| ____|  _ \ 
 (_)_____| |   | | |  _| \___ \ | |   | |_) / _ \ \___ \\___ \|  _| | | | |
  _|_____| |   | | | |___ ___) || |   |  __/ ___ \ ___) |___) | |___| |_| |
 (_)     | |   |_| |_____|____/ |_|   |_| /_/   \_\____/|____/|_____|____/ 
        /_/                                                                

TEST PASSED: create a page with right data
----------------------------------------------------------------------------
]]></system-err>
</testsuite>
